0   SD7034_wng9#profile_sd7062_il
1   SD7034_wng9#Wire
2   SD7034_wng9#BSpline
3   SD7034_wng9#profile_SD7032_099_88
4   SD7034_wng9#Wire001
5   SD7034_wng9#BSpline001
6   SD7034_wng9#Clone2D
7   SD7034_wng9#Clone2D001      10
8   SD7034_wng9#Loft
9   SD7034_wng9#Clone2D002      1
10   SD7034_wng9#Clone2D003
11   SD7034_wng9#Loft001
12   SD7034_wng9#Rectangle
13   SD7034_wng9#Clone2D004
14   SD7034_wng9#Common          16
15   SD7034_wng9#Clone2D005
16   SD7034_wng9#Common001       15
17   SD7034_wng9#Clone2D006
18   SD7034_wng9#Common002       14
19   SD7034_wng9#Clone2D007
20   SD7034_wng9#Common003       13
21   SD7034_wng9#Clone2D008
22   SD7034_wng9#Common004       12
23   SD7034_wng9#Clone2D009
24   SD7034_wng9#Common005       11
25   SD7034_wng9#Clone2D010
26   SD7034_wng9#Common006       9
27   SD7034_wng9#Clone2D011
28   SD7034_wng9#Common007       8
29   SD7034_wng9#Clone2D012
30   SD7034_wng9#Common008       7
31   SD7034_wng9#Clone2D013
32   SD7034_wng9#Common009       6
33   SD7034_wng9#Clone2D014
34   SD7034_wng9#Common010       5
35   SD7034_wng9#Clone2D015
36   SD7034_wng9#Common011       4
37   SD7034_wng9#Clone2D016
38   SD7034_wng9#Common012       3
39   SD7034_wng9#Clone2D017
40   SD7034_wng9#Common013       2
41   SD7034_wng9#Page
42   SD7034_wng9#Template
